<?xml version="1.0" encoding="UTF-8"?>
<!-- Generated by org.testng.reporters.JUnitXMLReporter -->
<testsuite hostname="Entertainment" name="Test" tests="4" failures="0" timestamp="6 Apr 2017 04:15:35 GMT" time="13.323" errors="0">
  <testcase name="testSignIn" time="4.913" classname="com.sheth.test.LoginPageTest"/>
  <testcase name="testSignIn" time="1.547" classname="com.sheth.test.LoginPageTest"/>
  <testcase name="testSignIn" time="0.656" classname="com.sheth.test.LoginPageTest"/>
  <testcase name="testSignIn" time="0.442" classname="com.sheth.test.LoginPageTest"/>
</testsuite> <!-- Test -->
