<?xml version="1.0" encoding="UTF-8"?>
<!-- Generated by org.testng.reporters.JUnitXMLReporter -->
<testsuite hostname="Entertainment" name="Default test" tests="3" failures="0" timestamp="28 Mar 2017 19:23:45 GMT" time="5.795" errors="0">
  <testcase name="testHomePageLogo" time="0.124" classname="com.sheth.test.HomePageTest"/>
  <testcase name="testWhat" time="0.21" classname="com.sheth.test.HomePageTest"/>
  <testcase name="testWhere" time="0.22" classname="com.sheth.test.HomePageTest"/>
</testsuite> <!-- Default test -->
