<?xml version="1.0" encoding="UTF-8"?>
<!-- Generated by org.testng.reporters.JUnitXMLReporter -->
<testsuite hostname="Entertainment" name="Test" tests="2" failures="1" timestamp="5 Apr 2017 22:18:49 GMT" time="20.329" errors="0">
  <testcase name="testSearchPageVerifyTitle" time="4.0" classname="com.sheth.test.SearchPageTest">
    <failure type="java.lang.NullPointerException">
      <![CDATA[java.lang.NullPointerException
	at com.sheth.page.SearchPage.searchPageVerifyTitle(SearchPage.java:28)
	at com.sheth.test.SearchPageTest.testSearchPageVerifyTitle(SearchPageTest.java:24)
... Removed 24 stack frames]]>
    </failure>
  </testcase> <!-- testSearchPageVerifyTitle -->
  <testcase name="testSortResults" time="9.656" classname="com.sheth.test.SearchPageTest"/>
</testsuite> <!-- Test -->
