<?xml version="1.0" encoding="UTF-8"?>
<!-- Generated by org.testng.reporters.JUnitXMLReporter -->
<testsuite hostname="Entertainment" name="Test" tests="2" failures="2" timestamp="6 Apr 2017 04:16:17 GMT" time="16.815" errors="0">
  <testcase name="testSearchPageVerifyTitle" time="0.173" classname="com.sheth.test.SearchPageTest">
    <failure type="java.lang.NullPointerException">
      <![CDATA[java.lang.NullPointerException
	at com.sheth.page.SearchPage.searchPageVerifyTitle(SearchPage.java:28)
	at com.sheth.test.SearchPageTest.testSearchPageVerifyTitle(SearchPageTest.java:24)
... Removed 25 stack frames]]>
    </failure>
  </testcase> <!-- testSearchPageVerifyTitle -->
  <testcase name="testSortResults" time="6.858" classname="com.sheth.test.SearchPageTest">
    <failure type="java.lang.AssertionError" message="expected [Amazon Best Sellers: Best Women&amp;apos;s Wrist Watches] but found [Amazon.com: Casio Men&amp;apos;s MQ24-1E Black Resin Watch: Casio: Watches]">
      <![CDATA[java.lang.AssertionError: expected [Amazon Best Sellers: Best Women's Wrist Watches] but found [Amazon.com: Casio Men's MQ24-1E Black Resin Watch: Casio: Watches]
	at com.sheth.test.SearchPageTest.testSortResults(SearchPageTest.java:29)
... Removed 30 stack frames]]>
    </failure>
  </testcase> <!-- testSortResults -->
</testsuite> <!-- Test -->
